2006.01.09 21:46 B C:\localweb\uhr\images\amphlogo.jpg --> ftp.mindspring.com /www/uhr/images amphlogo.jpg
2006.01.09 21:46 B C:\localweb\uhr\images\bmrlogo.jpg --> ftp.mindspring.com /www/uhr/images bmrlogo.jpg
2006.01.09 21:46 B C:\localweb\uhr\images\chem_logo.jpg --> ftp.mindspring.com /www/uhr/images chem_logo.jpg
2006.01.09 21:46 B C:\localweb\uhr\images\chernobog_logo.jpg --> ftp.mindspring.com /www/uhr/images chernobog_logo.jpg
2006.01.09 21:46 B C:\localweb\uhr\images\cslogo.gif --> ftp.mindspring.com /www/uhr/images cslogo.gif
2006.01.09 21:46 B C:\localweb\uhr\images\demontage.jpg --> ftp.mindspring.com /www/uhr/images demontage.jpg
2006.01.09 21:46 B C:\localweb\uhr\images\eol-logo.png --> ftp.mindspring.com /www/uhr/images eol-logo.png
2006.01.09 21:46 B C:\localweb\uhr\images\fsore.gif --> ftp.mindspring.com /www/uhr/images fsore.gif
2006.01.09 21:46 B C:\localweb\uhr\images\gomlogo.jpg --> ftp.mindspring.com /www/uhr/images gomlogo.jpg
2006.01.09 21:46 B C:\localweb\uhr\images\gortlogo.gif --> ftp.mindspring.com /www/uhr/images gortlogo.gif
2006.01.09 21:46 B C:\localweb\uhr\images\kaoteon_logo.jpg --> ftp.mindspring.com /www/uhr/images kaoteon_logo.jpg
2006.01.09 21:46 B C:\localweb\uhr\images\megiddo.gif --> ftp.mindspring.com /www/uhr/images megiddo.gif
2006.01.09 21:46 B C:\localweb\uhr\images\newramp_logo.gif --> ftp.mindspring.com /www/uhr/images newramp_logo.gif
2006.01.09 21:46 B C:\localweb\uhr\images\rehtaf_ruo.gif --> ftp.mindspring.com /www/uhr/images rehtaf_ruo.gif
2006.01.09 21:47 B C:\localweb\uhr\images\rrnn_logo.jpg --> ftp.mindspring.com /www/uhr/images rrnn_logo.jpg
2006.01.09 21:47 B C:\localweb\uhr\images\somlogo.jpg --> ftp.mindspring.com /www/uhr/images somlogo.jpg
2006.01.09 21:47 B C:\localweb\uhr\images\Thumbs.db --> ftp.mindspring.com /www/uhr/images Thumbs.db
2006.01.09 21:47 B C:\localweb\uhr\images\uhr_enter.gif --> ftp.mindspring.com /www/uhr/images uhr_enter.gif
2006.01.09 21:47 B C:\localweb\uhr\images\uhr_masthead.gif --> ftp.mindspring.com /www/uhr/images uhr_masthead.gif
2006.01.09 21:47 B C:\localweb\uhr\images\vf_logo.jpg --> ftp.mindspring.com /www/uhr/images vf_logo.jpg
2006.08.25 23:41 B C:\localweb\uhr\images\amphlogo.jpg --> ftp.mindspring.com /www/images amphlogo.jpg
2006.08.25 23:41 B C:\localweb\uhr\images\bmrlogo.jpg --> ftp.mindspring.com /www/images bmrlogo.jpg
2006.08.25 23:41 B C:\localweb\uhr\images\chem_logo.jpg --> ftp.mindspring.com /www/images chem_logo.jpg
2006.08.25 23:41 B C:\localweb\uhr\images\chernobog_logo.jpg --> ftp.mindspring.com /www/images chernobog_logo.jpg
2006.08.25 23:41 B C:\localweb\uhr\images\cslogo.gif --> ftp.mindspring.com /www/images cslogo.gif
2006.08.25 23:41 B C:\localweb\uhr\images\demontage.jpg --> ftp.mindspring.com /www/images demontage.jpg
2006.08.25 23:41 B C:\localweb\uhr\images\eol-logo.png --> ftp.mindspring.com /www/images eol-logo.png
2006.08.25 23:41 B C:\localweb\uhr\images\fsore.gif --> ftp.mindspring.com /www/images fsore.gif
2006.08.25 23:41 B C:\localweb\uhr\images\gomlogo.jpg --> ftp.mindspring.com /www/images gomlogo.jpg
2006.08.25 23:41 B C:\localweb\uhr\images\gortlogo.gif --> ftp.mindspring.com /www/images gortlogo.gif
2006.08.25 23:41 B C:\localweb\uhr\images\kaoteon_logo.jpg --> ftp.mindspring.com /www/images kaoteon_logo.jpg
2006.08.25 23:41 B C:\localweb\uhr\images\megiddo.gif --> ftp.mindspring.com /www/images megiddo.gif
2006.08.25 23:41 B C:\localweb\uhr\images\newramp_logo.gif --> ftp.mindspring.com /www/images newramp_logo.gif
2006.08.25 23:41 B C:\localweb\uhr\images\rehtaf_ruo.gif --> ftp.mindspring.com /www/images rehtaf_ruo.gif
2006.08.25 23:41 B C:\localweb\uhr\images\rrnn_logo.jpg --> ftp.mindspring.com /www/images rrnn_logo.jpg
2006.08.25 23:41 B C:\localweb\uhr\images\somlogo.jpg --> ftp.mindspring.com /www/images somlogo.jpg
2006.08.25 23:41 B C:\localweb\uhr\images\Thumbs.db --> ftp.mindspring.com /www/images Thumbs.db
2006.08.25 23:41 B C:\localweb\uhr\images\uhr_enter.gif --> ftp.mindspring.com /www/images uhr_enter.gif
2006.08.25 23:41 B C:\localweb\uhr\images\uhr_masthead.gif --> ftp.mindspring.com /www/images uhr_masthead.gif
2006.08.25 23:41 B C:\localweb\uhr\images\vf_logo.jpg --> ftp.mindspring.com /www/images vf_logo.jpg
2006.08.25 23:41 B C:\localweb\uhr\images\WS_FTP.LOG --> ftp.mindspring.com /www/images WS_FTP.LOG
