2005.12.15 23:09 B C:\localweb\uhr\covers\bellum.jpg <-- lordvic /www/uhr bellum.jpg
2005.12.15 23:09 B C:\localweb\uhr\covers\bmr_TB.jpg <-- lordvic /www/uhr bmr_TB.jpg
2005.12.15 23:10 B C:\localweb\uhr\covers\dirge.gif <-- lordvic /www/uhr dirge.gif
2005.12.15 23:10 B C:\localweb\uhr\covers\fsrsplit.gif <-- lordvic /www/uhr fsrsplit.gif
2005.12.15 23:10 B C:\localweb\uhr\covers\legacy.jpg <-- lordvic /www/uhr legacy.jpg
2005.12.15 23:10 B C:\localweb\uhr\covers\ramplive.jpg <-- lordvic /www/uhr ramplive.jpg
2005.12.15 23:10 B C:\localweb\uhr\covers\rampmis.jpg <-- lordvic /www/uhr rampmis.jpg
2005.12.15 23:10 B C:\localweb\uhr\covers\samp_f.gif <-- lordvic /www/uhr samp_f.gif
2005.12.15 23:10 B C:\localweb\uhr\covers\shadow.jpg <-- lordvic /www/uhr shadow.jpg
2005.12.15 23:11 B C:\localweb\uhr\covers\split_f.gif <-- lordvic /www/uhr split_f.gif
2005.12.15 23:11 B C:\localweb\uhr\covers\teu.gif <-- lordvic /www/uhr teu.gif
2005.12.15 23:11 B C:\localweb\uhr\covers\tfws.gif <-- lordvic /www/uhr tfws.gif
2005.12.15 23:11 B C:\localweb\uhr\covers\uhr036cover.jpg <-- lordvic /www/uhr uhr036cover.jpg
2005.12.15 23:11 B C:\localweb\uhr\covers\uhr038_f.jpg <-- lordvic /www/uhr uhr038_f.jpg
2005.12.15 23:11 B C:\localweb\uhr\covers\uhr039_f.jpg <-- lordvic /www/uhr uhr039_f.jpg
2005.12.15 23:11 B C:\localweb\uhr\covers\uhr040_f.jpg <-- lordvic /www/uhr uhr040_f.jpg
2005.12.15 23:11 B C:\localweb\uhr\covers\uhr041_f.jpg <-- lordvic /www/uhr uhr041_f.jpg
2005.12.15 23:11 B C:\localweb\uhr\covers\uhr042_f.jpg <-- lordvic /www/uhr uhr042_f.jpg
2005.12.15 23:11 B C:\localweb\uhr\covers\uhr043_f.jpg <-- lordvic /www/uhr uhr043_f.jpg
2005.12.15 23:12 B C:\localweb\uhr\covers\uhr044_f.jpg <-- lordvic /www/uhr uhr044_f.jpg
2005.12.15 23:12 B C:\localweb\uhr\covers\uhr046.gif <-- lordvic /www/uhr uhr046.gif
2005.12.15 23:12 B C:\localweb\uhr\covers\uhr049.jpg <-- lordvic /www/uhr uhr049.jpg
2005.12.15 23:12 B C:\localweb\uhr\covers\uhr050.jpg <-- lordvic /www/uhr uhr050.jpg
2005.12.15 23:12 B C:\localweb\uhr\covers\uhr051.jpg <-- lordvic /www/uhr uhr051.jpg
2005.12.15 23:12 B C:\localweb\uhr\covers\uhr052.jpg <-- lordvic /www/uhr uhr052.jpg
2005.12.15 23:12 B C:\localweb\uhr\covers\uhr053.jpg <-- lordvic /www/uhr uhr053.jpg
2005.12.15 23:12 B C:\localweb\uhr\covers\uhr067.png <-- lordvic /www/uhr uhr067.png
2006.01.09 21:40 B C:\localweb\uhr\covers\Thumbs.db --> ftp.mindspring.com /www/uhr/covers Thumbs.db
2006.01.09 21:40 B C:\localweb\uhr\covers\uhr004.jpg --> ftp.mindspring.com /www/uhr/covers uhr004.jpg
2006.01.09 21:41 B C:\localweb\uhr\covers\uhr011.jpg --> ftp.mindspring.com /www/uhr/covers uhr011.jpg
2006.01.09 21:41 B C:\localweb\uhr\covers\uhr013.jpg --> ftp.mindspring.com /www/uhr/covers uhr013.jpg
2006.01.09 21:41 B C:\localweb\uhr\covers\uhr020.gif --> ftp.mindspring.com /www/uhr/covers uhr020.gif
2006.01.09 21:41 B C:\localweb\uhr\covers\uhr021.gif --> ftp.mindspring.com /www/uhr/covers uhr021.gif
2006.01.09 21:41 B C:\localweb\uhr\covers\uhr030.jpg --> ftp.mindspring.com /www/uhr/covers uhr030.jpg
2006.01.09 21:41 B C:\localweb\uhr\covers\uhr032.gif --> ftp.mindspring.com /www/uhr/covers uhr032.gif
2006.01.09 21:41 B C:\localweb\uhr\covers\uhr034.gif --> ftp.mindspring.com /www/uhr/covers uhr034.gif
2006.01.09 21:41 B C:\localweb\uhr\covers\uhr035.jpg --> ftp.mindspring.com /www/uhr/covers uhr035.jpg
2006.01.09 21:41 B C:\localweb\uhr\covers\uhr036.jpg --> ftp.mindspring.com /www/uhr/covers uhr036.jpg
2006.01.09 21:42 B C:\localweb\uhr\covers\uhr038.jpg --> ftp.mindspring.com /www/uhr/covers uhr038.jpg
2006.01.09 21:42 B C:\localweb\uhr\covers\uhr039.jpg --> ftp.mindspring.com /www/uhr/covers uhr039.jpg
2006.01.09 21:42 B C:\localweb\uhr\covers\uhr040.jpg --> ftp.mindspring.com /www/uhr/covers uhr040.jpg
2006.01.09 21:42 B C:\localweb\uhr\covers\uhr041.jpg --> ftp.mindspring.com /www/uhr/covers uhr041.jpg
2006.01.09 21:42 B C:\localweb\uhr\covers\uhr042.jpg --> ftp.mindspring.com /www/uhr/covers uhr042.jpg
2006.01.09 21:42 B C:\localweb\uhr\covers\uhr043.jpg --> ftp.mindspring.com /www/uhr/covers uhr043.jpg
2006.01.09 21:42 B C:\localweb\uhr\covers\uhr044.jpg --> ftp.mindspring.com /www/uhr/covers uhr044.jpg
2006.01.09 21:42 B C:\localweb\uhr\covers\uhr046.gif --> ftp.mindspring.com /www/uhr/covers uhr046.gif
2006.01.09 21:42 B C:\localweb\uhr\covers\uhr049.jpg --> ftp.mindspring.com /www/uhr/covers uhr049.jpg
2006.01.09 21:42 B C:\localweb\uhr\covers\uhr050.jpg --> ftp.mindspring.com /www/uhr/covers uhr050.jpg
2006.01.09 21:42 B C:\localweb\uhr\covers\uhr051.jpg --> ftp.mindspring.com /www/uhr/covers uhr051.jpg
2006.01.09 21:43 B C:\localweb\uhr\covers\uhr052.jpg --> ftp.mindspring.com /www/uhr/covers uhr052.jpg
2006.01.09 21:43 B C:\localweb\uhr\covers\uhr053.jpg --> ftp.mindspring.com /www/uhr/covers uhr053.jpg
2006.01.09 21:43 B C:\localweb\uhr\covers\uhr054.jpg --> ftp.mindspring.com /www/uhr/covers uhr054.jpg
2006.01.09 21:43 B C:\localweb\uhr\covers\uhr055.jpg --> ftp.mindspring.com /www/uhr/covers uhr055.jpg
2006.01.09 21:43 B C:\localweb\uhr\covers\uhr056.jpg --> ftp.mindspring.com /www/uhr/covers uhr056.jpg
2006.01.09 21:43 B C:\localweb\uhr\covers\uhr057.jpg --> ftp.mindspring.com /www/uhr/covers uhr057.jpg
2006.01.09 21:43 B C:\localweb\uhr\covers\uhr058.jpg --> ftp.mindspring.com /www/uhr/covers uhr058.jpg
2006.01.09 21:43 B C:\localweb\uhr\covers\uhr059.jpg --> ftp.mindspring.com /www/uhr/covers uhr059.jpg
2006.01.09 21:43 B C:\localweb\uhr\covers\uhr060.jpg --> ftp.mindspring.com /www/uhr/covers uhr060.jpg
2006.01.09 21:43 B C:\localweb\uhr\covers\uhr061.jpg --> ftp.mindspring.com /www/uhr/covers uhr061.jpg
2006.01.09 21:43 B C:\localweb\uhr\covers\uhr062.jpg --> ftp.mindspring.com /www/uhr/covers uhr062.jpg
2006.01.09 21:43 B C:\localweb\uhr\covers\uhr063.jpg --> ftp.mindspring.com /www/uhr/covers uhr063.jpg
2006.01.09 21:44 B C:\localweb\uhr\covers\uhr064.jpg --> ftp.mindspring.com /www/uhr/covers uhr064.jpg
2006.01.09 21:44 B C:\localweb\uhr\covers\uhr065.jpg --> ftp.mindspring.com /www/uhr/covers uhr065.jpg
2006.01.09 21:44 B C:\localweb\uhr\covers\uhr067.png --> ftp.mindspring.com /www/uhr/covers uhr067.png
2006.01.09 21:44 B C:\localweb\uhr\covers\uhr068.jpg --> ftp.mindspring.com /www/uhr/covers uhr068.jpg
2006.01.09 21:44 B C:\localweb\uhr\covers\uhr069.jpg --> ftp.mindspring.com /www/uhr/covers uhr069.jpg
2006.01.09 21:45 B C:\localweb\uhr\covers\uhr070.jpg --> ftp.mindspring.com /www/uhr/covers uhr070.jpg
2006.01.09 21:45 B C:\localweb\uhr\covers\uhr071.jpg --> ftp.mindspring.com /www/uhr/covers uhr071.jpg
2006.01.09 21:45 B C:\localweb\uhr\covers\uhr072.jpg --> ftp.mindspring.com /www/uhr/covers uhr072.jpg
2006.01.09 21:45 B C:\localweb\uhr\covers\uhr073.jpg --> ftp.mindspring.com /www/uhr/covers uhr073.jpg
2006.01.09 21:45 B C:\localweb\uhr\covers\uhr074.jpg --> ftp.mindspring.com /www/uhr/covers uhr074.jpg
2006.01.09 21:45 B C:\localweb\uhr\covers\uhr666.gif --> ftp.mindspring.com /www/uhr/covers uhr666.gif
2006.01.09 21:45 B C:\localweb\uhr\covers\uhrweb001.jpg --> ftp.mindspring.com /www/uhr/covers uhrweb001.jpg
2006.01.09 21:45 B C:\localweb\uhr\covers\WS_FTP.LOG --> ftp.mindspring.com /www/uhr/covers WS_FTP.LOG
2006.08.25 23:18 B C:\localweb\uhr\covers\uhr666t.jpg --> ftp.mindspring.com /www/uhr/covers uhr666t.jpg
2006.08.25 23:18 B C:\localweb\uhr\covers\uhr046t.jpg --> ftp.mindspring.com /www/uhr/covers uhr046t.jpg
2006.08.25 23:18 B C:\localweb\uhr\covers\uhr034t.jpg --> ftp.mindspring.com /www/uhr/covers uhr034t.jpg
2006.08.25 23:18 B C:\localweb\uhr\covers\uhr032t.jpg --> ftp.mindspring.com /www/uhr/covers uhr032t.jpg
2006.08.25 23:18 B C:\localweb\uhr\covers\uhr021t.jpg --> ftp.mindspring.com /www/uhr/covers uhr021t.jpg
2006.08.25 23:18 B C:\localweb\uhr\covers\uhr020t.jpg --> ftp.mindspring.com /www/uhr/covers uhr020t.jpg
2006.08.25 23:19 B C:\localweb\uhr\covers\uhr034.jpg --> ftp.mindspring.com /www/uhr/covers uhr034.jpg
2006.08.25 23:19 B C:\localweb\uhr\covers\uhr032.jpg --> ftp.mindspring.com /www/uhr/covers uhr032.jpg
2006.08.25 23:19 B C:\localweb\uhr\covers\uhr666.jpg --> ftp.mindspring.com /www/uhr/covers uhr666.jpg
2006.08.25 23:19 B C:\localweb\uhr\covers\uhr046.jpg --> ftp.mindspring.com /www/uhr/covers uhr046.jpg
2006.08.25 23:19 B C:\localweb\uhr\covers\uhr021.jpg --> ftp.mindspring.com /www/uhr/covers uhr021.jpg
2006.08.25 23:19 B C:\localweb\uhr\covers\uhr020.jpg --> ftp.mindspring.com /www/uhr/covers uhr020.jpg
2006.08.25 23:19 B C:\localweb\uhr\covers\uhrweb001t.jpg --> ftp.mindspring.com /www/uhr/covers uhrweb001t.jpg
2006.08.25 23:19 B C:\localweb\uhr\covers\uhr076t.jpg --> ftp.mindspring.com /www/uhr/covers uhr076t.jpg
2006.08.25 23:19 B C:\localweb\uhr\covers\uhr075t.jpg --> ftp.mindspring.com /www/uhr/covers uhr075t.jpg
2006.08.25 23:19 B C:\localweb\uhr\covers\uhr074t.jpg --> ftp.mindspring.com /www/uhr/covers uhr074t.jpg
2006.08.25 23:19 B C:\localweb\uhr\covers\uhr073t.jpg --> ftp.mindspring.com /www/uhr/covers uhr073t.jpg
2006.08.25 23:19 B C:\localweb\uhr\covers\uhr072t.jpg --> ftp.mindspring.com /www/uhr/covers uhr072t.jpg
2006.08.25 23:19 B C:\localweb\uhr\covers\uhr071t.jpg --> ftp.mindspring.com /www/uhr/covers uhr071t.jpg
2006.08.25 23:19 B C:\localweb\uhr\covers\uhr070t.jpg --> ftp.mindspring.com /www/uhr/covers uhr070t.jpg
2006.08.25 23:19 B C:\localweb\uhr\covers\uhr069t.jpg --> ftp.mindspring.com /www/uhr/covers uhr069t.jpg
2006.08.25 23:19 B C:\localweb\uhr\covers\uhr068t.jpg --> ftp.mindspring.com /www/uhr/covers uhr068t.jpg
2006.08.25 23:19 B C:\localweb\uhr\covers\uhr067t.png --> ftp.mindspring.com /www/uhr/covers uhr067t.png
2006.08.25 23:19 B C:\localweb\uhr\covers\uhr065t.jpg --> ftp.mindspring.com /www/uhr/covers uhr065t.jpg
2006.08.25 23:19 B C:\localweb\uhr\covers\uhr064t.jpg --> ftp.mindspring.com /www/uhr/covers uhr064t.jpg
2006.08.25 23:19 B C:\localweb\uhr\covers\uhr063t.jpg --> ftp.mindspring.com /www/uhr/covers uhr063t.jpg
2006.08.25 23:19 B C:\localweb\uhr\covers\uhr062t.jpg --> ftp.mindspring.com /www/uhr/covers uhr062t.jpg
2006.08.25 23:19 B C:\localweb\uhr\covers\uhr061t.jpg --> ftp.mindspring.com /www/uhr/covers uhr061t.jpg
2006.08.25 23:19 B C:\localweb\uhr\covers\uhr060t.jpg --> ftp.mindspring.com /www/uhr/covers uhr060t.jpg
2006.08.25 23:19 B C:\localweb\uhr\covers\uhr059t.jpg --> ftp.mindspring.com /www/uhr/covers uhr059t.jpg
2006.08.25 23:19 B C:\localweb\uhr\covers\uhr058t.jpg --> ftp.mindspring.com /www/uhr/covers uhr058t.jpg
2006.08.25 23:19 B C:\localweb\uhr\covers\uhr057t.jpg --> ftp.mindspring.com /www/uhr/covers uhr057t.jpg
2006.08.25 23:19 B C:\localweb\uhr\covers\uhr056t.jpg --> ftp.mindspring.com /www/uhr/covers uhr056t.jpg
2006.08.25 23:19 B C:\localweb\uhr\covers\uhr055t.jpg --> ftp.mindspring.com /www/uhr/covers uhr055t.jpg
2006.08.25 23:19 B C:\localweb\uhr\covers\uhr054t.jpg --> ftp.mindspring.com /www/uhr/covers uhr054t.jpg
2006.08.25 23:19 B C:\localweb\uhr\covers\uhr053t.jpg --> ftp.mindspring.com /www/uhr/covers uhr053t.jpg
2006.08.25 23:19 B C:\localweb\uhr\covers\uhr052t.jpg --> ftp.mindspring.com /www/uhr/covers uhr052t.jpg
2006.08.25 23:19 B C:\localweb\uhr\covers\uhr051t.jpg --> ftp.mindspring.com /www/uhr/covers uhr051t.jpg
2006.08.25 23:19 B C:\localweb\uhr\covers\uhr050t.jpg --> ftp.mindspring.com /www/uhr/covers uhr050t.jpg
2006.08.25 23:19 B C:\localweb\uhr\covers\uhr049t.jpg --> ftp.mindspring.com /www/uhr/covers uhr049t.jpg
2006.08.25 23:19 B C:\localweb\uhr\covers\uhr044t.jpg --> ftp.mindspring.com /www/uhr/covers uhr044t.jpg
2006.08.25 23:19 B C:\localweb\uhr\covers\uhr043t.jpg --> ftp.mindspring.com /www/uhr/covers uhr043t.jpg
2006.08.25 23:19 B C:\localweb\uhr\covers\uhr042t.jpg --> ftp.mindspring.com /www/uhr/covers uhr042t.jpg
2006.08.25 23:19 B C:\localweb\uhr\covers\uhr041t.jpg --> ftp.mindspring.com /www/uhr/covers uhr041t.jpg
2006.08.25 23:19 B C:\localweb\uhr\covers\uhr040t.jpg --> ftp.mindspring.com /www/uhr/covers uhr040t.jpg
2006.08.25 23:19 B C:\localweb\uhr\covers\uhr039t.jpg --> ftp.mindspring.com /www/uhr/covers uhr039t.jpg
2006.08.25 23:19 B C:\localweb\uhr\covers\uhr038t.jpg --> ftp.mindspring.com /www/uhr/covers uhr038t.jpg
2006.08.25 23:19 B C:\localweb\uhr\covers\uhr036t.jpg --> ftp.mindspring.com /www/uhr/covers uhr036t.jpg
2006.08.25 23:19 B C:\localweb\uhr\covers\uhr035t.jpg --> ftp.mindspring.com /www/uhr/covers uhr035t.jpg
2006.08.25 23:19 B C:\localweb\uhr\covers\uhr030t.jpg --> ftp.mindspring.com /www/uhr/covers uhr030t.jpg
2006.08.25 23:19 B C:\localweb\uhr\covers\uhr013t.jpg --> ftp.mindspring.com /www/uhr/covers uhr013t.jpg
2006.08.25 23:19 B C:\localweb\uhr\covers\uhr011t.jpg --> ftp.mindspring.com /www/uhr/covers uhr011t.jpg
2006.08.25 23:19 B C:\localweb\uhr\covers\uhr004t.jpg --> ftp.mindspring.com /www/uhr/covers uhr004t.jpg
2006.08.25 23:19 B C:\localweb\uhr\covers\uhr076.jpg --> ftp.mindspring.com /www/uhr/covers uhr076.jpg
2006.08.25 23:19 B C:\localweb\uhr\covers\uhr075.jpg --> ftp.mindspring.com /www/uhr/covers uhr075.jpg
2006.08.25 23:28 B C:\localweb\uhr\covers\Thumbs.db --> ftp.mindspring.com /www/covers Thumbs.db
2006.08.25 23:28 B C:\localweb\uhr\covers\uhr004.jpg --> ftp.mindspring.com /www/covers uhr004.jpg
2006.08.25 23:28 B C:\localweb\uhr\covers\uhr004t.jpg --> ftp.mindspring.com /www/covers uhr004t.jpg
2006.08.25 23:28 B C:\localweb\uhr\covers\uhr011.jpg --> ftp.mindspring.com /www/covers uhr011.jpg
2006.08.25 23:28 B C:\localweb\uhr\covers\uhr011t.jpg --> ftp.mindspring.com /www/covers uhr011t.jpg
2006.08.25 23:28 B C:\localweb\uhr\covers\uhr013.jpg --> ftp.mindspring.com /www/covers uhr013.jpg
2006.08.25 23:28 B C:\localweb\uhr\covers\uhr013t.jpg --> ftp.mindspring.com /www/covers uhr013t.jpg
2006.08.25 23:28 B C:\localweb\uhr\covers\uhr020.jpg --> ftp.mindspring.com /www/covers uhr020.jpg
2006.08.25 23:28 B C:\localweb\uhr\covers\uhr020t.jpg --> ftp.mindspring.com /www/covers uhr020t.jpg
2006.08.25 23:28 B C:\localweb\uhr\covers\uhr021.jpg --> ftp.mindspring.com /www/covers uhr021.jpg
2006.08.25 23:28 B C:\localweb\uhr\covers\uhr021t.jpg --> ftp.mindspring.com /www/covers uhr021t.jpg
2006.08.25 23:29 B C:\localweb\uhr\covers\uhr030.jpg --> ftp.mindspring.com /www/covers uhr030.jpg
2006.08.25 23:29 B C:\localweb\uhr\covers\uhr030t.jpg --> ftp.mindspring.com /www/covers uhr030t.jpg
2006.08.25 23:29 B C:\localweb\uhr\covers\uhr032.jpg --> ftp.mindspring.com /www/covers uhr032.jpg
2006.08.25 23:29 B C:\localweb\uhr\covers\uhr032t.jpg --> ftp.mindspring.com /www/covers uhr032t.jpg
2006.08.25 23:29 B C:\localweb\uhr\covers\uhr034.jpg --> ftp.mindspring.com /www/covers uhr034.jpg
2006.08.25 23:29 B C:\localweb\uhr\covers\uhr034t.jpg --> ftp.mindspring.com /www/covers uhr034t.jpg
2006.08.25 23:29 B C:\localweb\uhr\covers\uhr035.jpg --> ftp.mindspring.com /www/covers uhr035.jpg
2006.08.25 23:29 B C:\localweb\uhr\covers\uhr035t.jpg --> ftp.mindspring.com /www/covers uhr035t.jpg
2006.08.25 23:29 B C:\localweb\uhr\covers\uhr036.jpg --> ftp.mindspring.com /www/covers uhr036.jpg
2006.08.25 23:29 B C:\localweb\uhr\covers\uhr036t.jpg --> ftp.mindspring.com /www/covers uhr036t.jpg
2006.08.25 23:29 B C:\localweb\uhr\covers\uhr038.jpg --> ftp.mindspring.com /www/covers uhr038.jpg
2006.08.25 23:29 B C:\localweb\uhr\covers\uhr038t.jpg --> ftp.mindspring.com /www/covers uhr038t.jpg
2006.08.25 23:29 B C:\localweb\uhr\covers\uhr039.jpg --> ftp.mindspring.com /www/covers uhr039.jpg
2006.08.25 23:29 B C:\localweb\uhr\covers\uhr039t.jpg --> ftp.mindspring.com /www/covers uhr039t.jpg
2006.08.25 23:29 B C:\localweb\uhr\covers\uhr040.jpg --> ftp.mindspring.com /www/covers uhr040.jpg
2006.08.25 23:29 B C:\localweb\uhr\covers\uhr040t.jpg --> ftp.mindspring.com /www/covers uhr040t.jpg
2006.08.25 23:29 B C:\localweb\uhr\covers\uhr041.jpg --> ftp.mindspring.com /www/covers uhr041.jpg
2006.08.25 23:29 B C:\localweb\uhr\covers\uhr041t.jpg --> ftp.mindspring.com /www/covers uhr041t.jpg
2006.08.25 23:29 B C:\localweb\uhr\covers\uhr042.jpg --> ftp.mindspring.com /www/covers uhr042.jpg
2006.08.25 23:29 B C:\localweb\uhr\covers\uhr042t.jpg --> ftp.mindspring.com /www/covers uhr042t.jpg
2006.08.25 23:29 B C:\localweb\uhr\covers\uhr043.jpg --> ftp.mindspring.com /www/covers uhr043.jpg
2006.08.25 23:29 B C:\localweb\uhr\covers\uhr043t.jpg --> ftp.mindspring.com /www/covers uhr043t.jpg
2006.08.25 23:29 B C:\localweb\uhr\covers\uhr044.jpg --> ftp.mindspring.com /www/covers uhr044.jpg
2006.08.25 23:29 B C:\localweb\uhr\covers\uhr044t.jpg --> ftp.mindspring.com /www/covers uhr044t.jpg
2006.08.25 23:29 B C:\localweb\uhr\covers\uhr046.jpg --> ftp.mindspring.com /www/covers uhr046.jpg
2006.08.25 23:29 B C:\localweb\uhr\covers\uhr046t.jpg --> ftp.mindspring.com /www/covers uhr046t.jpg
2006.08.25 23:29 B C:\localweb\uhr\covers\uhr049.jpg --> ftp.mindspring.com /www/covers uhr049.jpg
2006.08.25 23:29 B C:\localweb\uhr\covers\uhr049t.jpg --> ftp.mindspring.com /www/covers uhr049t.jpg
2006.08.25 23:29 B C:\localweb\uhr\covers\uhr050.jpg --> ftp.mindspring.com /www/covers uhr050.jpg
2006.08.25 23:29 B C:\localweb\uhr\covers\uhr050t.jpg --> ftp.mindspring.com /www/covers uhr050t.jpg
2006.08.25 23:30 B C:\localweb\uhr\covers\uhr051.jpg --> ftp.mindspring.com /www/covers uhr051.jpg
2006.08.25 23:30 B C:\localweb\uhr\covers\uhr051t.jpg --> ftp.mindspring.com /www/covers uhr051t.jpg
2006.08.25 23:30 B C:\localweb\uhr\covers\uhr052.jpg --> ftp.mindspring.com /www/covers uhr052.jpg
2006.08.25 23:30 B C:\localweb\uhr\covers\uhr052t.jpg --> ftp.mindspring.com /www/covers uhr052t.jpg
2006.08.25 23:30 B C:\localweb\uhr\covers\uhr053.jpg --> ftp.mindspring.com /www/covers uhr053.jpg
2006.08.25 23:30 B C:\localweb\uhr\covers\uhr053t.jpg --> ftp.mindspring.com /www/covers uhr053t.jpg
2006.08.25 23:30 B C:\localweb\uhr\covers\uhr054.jpg --> ftp.mindspring.com /www/covers uhr054.jpg
2006.08.25 23:30 B C:\localweb\uhr\covers\uhr054t.jpg --> ftp.mindspring.com /www/covers uhr054t.jpg
2006.08.25 23:30 B C:\localweb\uhr\covers\uhr055.jpg --> ftp.mindspring.com /www/covers uhr055.jpg
2006.08.25 23:30 B C:\localweb\uhr\covers\uhr055t.jpg --> ftp.mindspring.com /www/covers uhr055t.jpg
2006.08.25 23:30 B C:\localweb\uhr\covers\uhr056.jpg --> ftp.mindspring.com /www/covers uhr056.jpg
2006.08.25 23:30 B C:\localweb\uhr\covers\uhr056t.jpg --> ftp.mindspring.com /www/covers uhr056t.jpg
2006.08.25 23:30 B C:\localweb\uhr\covers\uhr057.jpg --> ftp.mindspring.com /www/covers uhr057.jpg
2006.08.25 23:30 B C:\localweb\uhr\covers\uhr057t.jpg --> ftp.mindspring.com /www/covers uhr057t.jpg
2006.08.25 23:30 B C:\localweb\uhr\covers\uhr058.jpg --> ftp.mindspring.com /www/covers uhr058.jpg
2006.08.25 23:30 B C:\localweb\uhr\covers\uhr058t.jpg --> ftp.mindspring.com /www/covers uhr058t.jpg
2006.08.25 23:30 B C:\localweb\uhr\covers\uhr059.jpg --> ftp.mindspring.com /www/covers uhr059.jpg
2006.08.25 23:30 B C:\localweb\uhr\covers\uhr059t.jpg --> ftp.mindspring.com /www/covers uhr059t.jpg
2006.08.25 23:30 B C:\localweb\uhr\covers\uhr060.jpg --> ftp.mindspring.com /www/covers uhr060.jpg
2006.08.25 23:30 B C:\localweb\uhr\covers\uhr060t.jpg --> ftp.mindspring.com /www/covers uhr060t.jpg
2006.08.25 23:30 B C:\localweb\uhr\covers\uhr061.jpg --> ftp.mindspring.com /www/covers uhr061.jpg
2006.08.25 23:30 B C:\localweb\uhr\covers\uhr061t.jpg --> ftp.mindspring.com /www/covers uhr061t.jpg
2006.08.25 23:30 B C:\localweb\uhr\covers\uhr062.jpg --> ftp.mindspring.com /www/covers uhr062.jpg
2006.08.25 23:30 B C:\localweb\uhr\covers\uhr062t.jpg --> ftp.mindspring.com /www/covers uhr062t.jpg
2006.08.25 23:30 B C:\localweb\uhr\covers\uhr063.jpg --> ftp.mindspring.com /www/covers uhr063.jpg
2006.08.25 23:30 B C:\localweb\uhr\covers\uhr063t.jpg --> ftp.mindspring.com /www/covers uhr063t.jpg
2006.08.25 23:30 B C:\localweb\uhr\covers\uhr064.jpg --> ftp.mindspring.com /www/covers uhr064.jpg
2006.08.25 23:30 B C:\localweb\uhr\covers\uhr064t.jpg --> ftp.mindspring.com /www/covers uhr064t.jpg
2006.08.25 23:30 B C:\localweb\uhr\covers\uhr065.jpg --> ftp.mindspring.com /www/covers uhr065.jpg
2006.08.25 23:30 B C:\localweb\uhr\covers\uhr065t.jpg --> ftp.mindspring.com /www/covers uhr065t.jpg
2006.08.25 23:31 B C:\localweb\uhr\covers\uhr067.png --> ftp.mindspring.com /www/covers uhr067.png
2006.08.25 23:31 B C:\localweb\uhr\covers\uhr067t.png --> ftp.mindspring.com /www/covers uhr067t.png
2006.08.25 23:31 B C:\localweb\uhr\covers\uhr068.jpg --> ftp.mindspring.com /www/covers uhr068.jpg
2006.08.25 23:31 B C:\localweb\uhr\covers\uhr068t.jpg --> ftp.mindspring.com /www/covers uhr068t.jpg
2006.08.25 23:31 B C:\localweb\uhr\covers\uhr069.jpg --> ftp.mindspring.com /www/covers uhr069.jpg
2006.08.25 23:31 B C:\localweb\uhr\covers\uhr069t.jpg --> ftp.mindspring.com /www/covers uhr069t.jpg
2006.08.25 23:31 B C:\localweb\uhr\covers\uhr070.jpg --> ftp.mindspring.com /www/covers uhr070.jpg
2006.08.25 23:31 B C:\localweb\uhr\covers\uhr070t.jpg --> ftp.mindspring.com /www/covers uhr070t.jpg
2006.08.25 23:31 B C:\localweb\uhr\covers\uhr071.jpg --> ftp.mindspring.com /www/covers uhr071.jpg
2006.08.25 23:31 B C:\localweb\uhr\covers\uhr071t.jpg --> ftp.mindspring.com /www/covers uhr071t.jpg
2006.08.25 23:31 B C:\localweb\uhr\covers\uhr072.jpg --> ftp.mindspring.com /www/covers uhr072.jpg
2006.08.25 23:31 B C:\localweb\uhr\covers\uhr072t.jpg --> ftp.mindspring.com /www/covers uhr072t.jpg
2006.08.25 23:31 B C:\localweb\uhr\covers\uhr073.jpg --> ftp.mindspring.com /www/covers uhr073.jpg
2006.08.25 23:31 B C:\localweb\uhr\covers\uhr073t.jpg --> ftp.mindspring.com /www/covers uhr073t.jpg
2006.08.25 23:31 B C:\localweb\uhr\covers\uhr074.jpg --> ftp.mindspring.com /www/covers uhr074.jpg
2006.08.25 23:31 B C:\localweb\uhr\covers\uhr074t.jpg --> ftp.mindspring.com /www/covers uhr074t.jpg
2006.08.25 23:31 B C:\localweb\uhr\covers\uhr075.jpg --> ftp.mindspring.com /www/covers uhr075.jpg
2006.08.25 23:31 B C:\localweb\uhr\covers\uhr075t.jpg --> ftp.mindspring.com /www/covers uhr075t.jpg
2006.08.25 23:32 B C:\localweb\uhr\covers\uhr076.jpg --> ftp.mindspring.com /www/covers uhr076.jpg
2006.08.25 23:32 B C:\localweb\uhr\covers\uhr076t.jpg --> ftp.mindspring.com /www/covers uhr076t.jpg
2006.08.25 23:32 B C:\localweb\uhr\covers\uhr666.jpg --> ftp.mindspring.com /www/covers uhr666.jpg
2006.08.25 23:32 B C:\localweb\uhr\covers\uhr666t.jpg --> ftp.mindspring.com /www/covers uhr666t.jpg
2006.08.25 23:32 B C:\localweb\uhr\covers\uhrweb001.jpg --> ftp.mindspring.com /www/covers uhrweb001.jpg
2006.08.25 23:32 B C:\localweb\uhr\covers\uhrweb001t.jpg --> ftp.mindspring.com /www/covers uhrweb001t.jpg
2006.08.25 23:32 B C:\localweb\uhr\covers\WS_FTP.LOG --> ftp.mindspring.com /www/covers WS_FTP.LOG
2007.06.01 23:27 B C:\localweb\uhr\covers\uhr079t.jpg --> ftp.mindspring.com /www/uhr/covers uhr079t.jpg
2007.06.01 23:27 B C:\localweb\uhr\covers\uhr079.jpg --> ftp.mindspring.com /www/uhr/covers uhr079.jpg
