2006.01.27 17:11 B C:\localweb\death_beast\photos\axecutioner1.jpg --> ftp.mindspring.com /www/photos axecutioner1.jpg
2006.01.27 17:11 B C:\localweb\death_beast\photos\band23.jpg --> ftp.mindspring.com /www/photos band23.jpg
2006.01.27 17:11 B C:\localweb\death_beast\photos\band25.jpg --> ftp.mindspring.com /www/photos band25.jpg
2006.01.27 17:11 B C:\localweb\death_beast\photos\band_02.jpg --> ftp.mindspring.com /www/photos band_02.jpg
2006.01.27 17:12 B C:\localweb\death_beast\photos\band_03.jpg --> ftp.mindspring.com /www/photos band_03.jpg
2006.01.27 17:12 B C:\localweb\death_beast\photos\band_05.jpg --> ftp.mindspring.com /www/photos band_05.jpg
2006.01.27 17:12 B C:\localweb\death_beast\photos\band_07.jpg --> ftp.mindspring.com /www/photos band_07.jpg
2006.01.27 17:12 B C:\localweb\death_beast\photos\blacktormentor1.jpg --> ftp.mindspring.com /www/photos blacktormentor1.jpg
2006.01.27 17:12 B C:\localweb\death_beast\photos\blacktormentor3.jpg --> ftp.mindspring.com /www/photos blacktormentor3.jpg
2006.01.27 17:12 B C:\localweb\death_beast\photos\blacktormentor5.jpg --> ftp.mindspring.com /www/photos blacktormentor5.jpg
2006.01.27 17:13 B C:\localweb\death_beast\photos\evicerator1.jpg --> ftp.mindspring.com /www/photos evicerator1.jpg
2006.01.27 17:13 B C:\localweb\death_beast\photos\evicerator5.jpg --> ftp.mindspring.com /www/photos evicerator5.jpg
2006.01.27 17:13 B C:\localweb\death_beast\photos\n_a_1.jpg --> ftp.mindspring.com /www/photos n_a_1.jpg
2006.01.27 17:13 B C:\localweb\death_beast\photos\n_a_e_2.jpg --> ftp.mindspring.com /www/photos n_a_e_2.jpg
2006.01.27 17:13 B C:\localweb\death_beast\photos\n_a_e_4.jpg --> ftp.mindspring.com /www/photos n_a_e_4.jpg
2006.01.27 17:13 B C:\localweb\death_beast\photos\n_a_e_5.jpg --> ftp.mindspring.com /www/photos n_a_e_5.jpg
2006.01.27 17:14 B C:\localweb\death_beast\photos\n_e_2.jpg --> ftp.mindspring.com /www/photos n_e_2.jpg
2006.01.27 17:14 B C:\localweb\death_beast\photos\notorius2.jpg --> ftp.mindspring.com /www/photos notorius2.jpg
2006.10.25 23:29 B C:\localweb\death_beast\photos\axecutioner1.jpg --> ftp.mindspring.com /www/not-photos axecutioner1.jpg
2006.10.25 23:29 B C:\localweb\death_beast\photos\band23.jpg --> ftp.mindspring.com /www/not-photos band23.jpg
2006.10.25 23:29 B C:\localweb\death_beast\photos\band25.jpg --> ftp.mindspring.com /www/not-photos band25.jpg
2006.10.25 23:29 B C:\localweb\death_beast\photos\band_02.jpg --> ftp.mindspring.com /www/not-photos band_02.jpg
2006.10.25 23:29 B C:\localweb\death_beast\photos\band_03.jpg --> ftp.mindspring.com /www/not-photos band_03.jpg
2006.10.25 23:30 B C:\localweb\death_beast\photos\band_05.jpg --> ftp.mindspring.com /www/not-photos band_05.jpg
2006.10.25 23:30 B C:\localweb\death_beast\photos\band_07.jpg --> ftp.mindspring.com /www/not-photos band_07.jpg
2006.10.25 23:30 B C:\localweb\death_beast\photos\blacktormentor1.jpg --> ftp.mindspring.com /www/not-photos blacktormentor1.jpg
2006.10.25 23:30 B C:\localweb\death_beast\photos\blacktormentor3.jpg --> ftp.mindspring.com /www/not-photos blacktormentor3.jpg
2006.10.25 23:30 B C:\localweb\death_beast\photos\blacktormentor5.jpg --> ftp.mindspring.com /www/not-photos blacktormentor5.jpg
2006.10.25 23:30 B C:\localweb\death_beast\photos\evicerator1.jpg --> ftp.mindspring.com /www/not-photos evicerator1.jpg
2006.10.25 23:30 B C:\localweb\death_beast\photos\evicerator5.jpg --> ftp.mindspring.com /www/not-photos evicerator5.jpg
2006.10.25 23:30 B C:\localweb\death_beast\photos\n_a_1.jpg --> ftp.mindspring.com /www/not-photos n_a_1.jpg
2006.10.25 23:30 B C:\localweb\death_beast\photos\n_a_e_2.jpg --> ftp.mindspring.com /www/not-photos n_a_e_2.jpg
2006.10.25 23:30 B C:\localweb\death_beast\photos\n_a_e_4.jpg --> ftp.mindspring.com /www/not-photos n_a_e_4.jpg
2006.10.25 23:31 B C:\localweb\death_beast\photos\n_a_e_5.jpg --> ftp.mindspring.com /www/not-photos n_a_e_5.jpg
2006.10.25 23:31 B C:\localweb\death_beast\photos\n_e_2.jpg --> ftp.mindspring.com /www/not-photos n_e_2.jpg
2006.10.25 23:31 B C:\localweb\death_beast\photos\notorius2.jpg --> ftp.mindspring.com /www/not-photos notorius2.jpg
